<?xml version="1.0" encoding="UTF-8"?>
<testsuite name="com.gorest.crudtests.UsersDataDrivenTest" time="0.003" tests="1" errors="1" skipped="0" failures="0">
  <properties>
[...]
</properties>
  <testcase name="createMultipleUsers" classname="com.gorest.crudtests.UsersDataDrivenTest" time="0.003">
    <error type="java.lang.NullPointerException:">java.lang.NullPointerException: null
	at com.gorest.crudtests.UsersDataDrivenTest.createMultipleUsers(UsersDataDrivenTest.java:27)
</error>
    <system-err><![CDATA[14252 [main] INFO net.serenitybdd.core.Serenity - 
        __    _____ _____ ____ _____   ____   _    ____  ____  _____ ____  
  _     \ \  |_   _| ____/ ___|_   _| |  _ \ / \  / ___|/ ___|| ____|  _ \ 
 (_)_____| |   | | |  _| \___ \ | |   | |_) / _ \ \___ \\___ \|  _| | | | |
  _|_____| |   | | | |___ ___) || |   |  __/ ___ \ ___) |___) | |___| |_| |
 (_)     | |   |_| |_____|____/ |_|   |_| /_/   \_\____/|____/|_____|____/ 
        /_/                                                                

TEST PASSED: This test will delete user
----------------------------------------------------------------------------
14255 [pool-5-thread-1] INFO net.thucydides.core.reports.json.JSONTestOutcomeReporter - Generating JSON report for This test will Create a new User to file C:\Users\Komal\IdeaProjects\gorest-serenity-cucumber-komal\target\site\serenity\5d9b60abdbaeb0388f520ec0502afcccf4c20e5b187080565598433e8431ad1e.json (using temp file C:\Users\Komal\IdeaProjects\gorest-serenity-cucumber-komal\target\site\serenity\5d9b60abdbaeb0388f520ec0502afcccf4c20e5b187080565598433e8431ad1e.jsonb56f3f42-7aa3-4732-8b08-2fec14eb577c)
14256 [pool-5-thread-2] INFO net.thucydides.core.reports.json.JSONTestOutcomeReporter - Generating JSON report for This test will verify user added successfully to file C:\Users\Komal\IdeaProjects\gorest-serenity-cucumber-komal\target\site\serenity\3889a11f66ed1dd8db49090a5732b3c46f2d5ce42b4ccaac8e4decd88bb52f19.json (using temp file C:\Users\Komal\IdeaProjects\gorest-serenity-cucumber-komal\target\site\serenity\3889a11f66ed1dd8db49090a5732b3c46f2d5ce42b4ccaac8e4decd88bb52f19.json03ba931a-4ba6-4928-ad38-9fbbb9fb24f8)
14257 [pool-5-thread-3] INFO net.thucydides.core.reports.json.JSONTestOutcomeReporter - Generating JSON report for This test will update user details to file C:\Users\Komal\IdeaProjects\gorest-serenity-cucumber-komal\target\site\serenity\0d7eb499e2fb1ecbb11ea5313fb4b98b54eafdc57608179d5e138ce27be67746.json (using temp file C:\Users\Komal\IdeaProjects\gorest-serenity-cucumber-komal\target\site\serenity\0d7eb499e2fb1ecbb11ea5313fb4b98b54eafdc57608179d5e138ce27be67746.jsona2b6e80d-39a5-432d-9fe6-7378a152bd15)
14257 [pool-5-thread-4] INFO net.thucydides.core.reports.json.JSONTestOutcomeReporter - Generating JSON report for This test will delete user to file C:\Users\Komal\IdeaProjects\gorest-serenity-cucumber-komal\target\site\serenity\d14c62f8f25980e9d82164c56317c19e7bcd9df99878c9dadbfbd7eaedb7f53c.json (using temp file C:\Users\Komal\IdeaProjects\gorest-serenity-cucumber-komal\target\site\serenity\d14c62f8f25980e9d82164c56317c19e7bcd9df99878c9dadbfbd7eaedb7f53c.json1d6ba7fa-8ae2-451c-a1eb-dc9d21ea483c)
14274 [pool-6-thread-3] INFO net.thucydides.core.reports.html.HtmlAcceptanceTestReporter - GENERATING HTML REPORT FOR Users CRUD test:test003 in 0d7eb499e2fb1ecbb11ea5313fb4b98b54eafdc57608179d5e138ce27be67746.html in directory target\site\serenity  
14274 [pool-6-thread-2] INFO net.thucydides.core.reports.html.HtmlAcceptanceTestReporter - GENERATING HTML REPORT FOR Users CRUD test:test002 in 3889a11f66ed1dd8db49090a5732b3c46f2d5ce42b4ccaac8e4decd88bb52f19.html in directory target\site\serenity  
14274 [pool-6-thread-1] INFO net.thucydides.core.reports.html.HtmlAcceptanceTestReporter - GENERATING HTML REPORT FOR Users CRUD test:test001 in 5d9b60abdbaeb0388f520ec0502afcccf4c20e5b187080565598433e8431ad1e.html in directory target\site\serenity  
14276 [pool-6-thread-4] INFO net.thucydides.core.reports.html.HtmlAcceptanceTestReporter - GENERATING HTML REPORT FOR Users CRUD test:test004 in d14c62f8f25980e9d82164c56317c19e7bcd9df99878c9dadbfbd7eaedb7f53c.html in directory target\site\serenity  
]]></system-err>
  </testcase>
</testsuite>