<?xml version="1.0" encoding="UTF-8"?><testsuite errors="1" failures="2" name="Testing Users features on GoRest Application" skipped="0" tests="4" time="8.47" timestamp="2023-01-10T22:17:59.368Z[Europe/London]"><testcase name="Check if the GoRest application can be accessed by users"/><testcase name="Create new user and verify if the user is added"><error message="java.util.ArrayList cannot be cast to java.lang.Integer" type="java.lang.ClassCastException">java.util.ArrayList cannot be cast to java.lang.Integer</error><system-err>java.util.ArrayList cannot be cast to java.lang.Integer&#13;
com.gorest.cucumber.steps.MyStepdefs.userCreatesANewUserByProvidingTheInformationNameGenderEmailStatus(MyStepdefs.java:42)&#13;
✽.When User creates a new user by providing the information name "&lt;name&gt;" gender "&lt;gender&gt;" email "&lt;email&gt;" status "&lt;status&gt;"(users.feature:8)&#13;
</system-err></testcase><testcase name="Update the created user and verify user is updated with status 200"><failure message="1 expectation failed.&#10;Expected status code &lt;200&gt; but was &lt;404&gt;.&#10;" type="java.lang.AssertionError">1 expectation failed.
Expected status code &lt;200&gt; but was &lt;404&gt;.
</failure><system-err>1 expectation failed.
Expected status code &lt;200&gt; but was &lt;404&gt;.
&#13;
io.restassured.internal.ResponseSpecificationImpl.validateResponseIfRequired(ResponseSpecificationImpl.groovy:636)&#13;
io.restassured.internal.ResponseSpecificationImpl.statusCode(ResponseSpecificationImpl.groovy:122)&#13;
io.restassured.internal.ResponseSpecificationImpl.statusCode(ResponseSpecificationImpl.groovy:130)&#13;
io.restassured.internal.ValidatableResponseOptionsImpl.statusCode(ValidatableResponseOptionsImpl.java:117)&#13;
com.gorest.cucumber.steps.MyStepdefs.userVerifiesUserIsUpdated(MyStepdefs.java:57)&#13;
✽.Then User verifies user is updated(users.feature:13)&#13;
</system-err></testcase><testcase name="Delete created user using id"><failure message="1 expectation failed.&#10;Expected status code &lt;204&gt; but was &lt;404&gt;.&#10;" type="java.lang.AssertionError">1 expectation failed.
Expected status code &lt;204&gt; but was &lt;404&gt;.
</failure><system-err>1 expectation failed.
Expected status code &lt;204&gt; but was &lt;404&gt;.
&#13;
io.restassured.internal.ResponseSpecificationImpl.validateResponseIfRequired(ResponseSpecificationImpl.groovy:636)&#13;
io.restassured.internal.ResponseSpecificationImpl.statusCode(ResponseSpecificationImpl.groovy:122)&#13;
io.restassured.internal.ResponseSpecificationImpl.statusCode(ResponseSpecificationImpl.groovy:130)&#13;
io.restassured.internal.ValidatableResponseOptionsImpl.statusCode(ValidatableResponseOptionsImpl.java:117)&#13;
com.gorest.cucumber.steps.MyStepdefs.userVerifiesUserIsDeletedWithStatusCode(MyStepdefs.java:69)&#13;
✽.Then User verifies user is deleted with status code 204(users.feature:17)&#13;
</system-err></testcase></testsuite>